<?xml version="1.0" encoding="UTF-8"?>
<testng-results ignored="0" total="2" passed="2" failed="0" skipped="0">
  <reporter-output>
  </reporter-output>
  <suite started-at="2022-07-21T08:29:19 IST" name="Suite" finished-at="2022-07-21T08:38:30 IST" duration-ms="551082">
    <groups>
    </groups>
    <test started-at="2022-07-21T08:29:19 IST" name="Test" finished-at="2022-07-21T08:38:30 IST" duration-ms="551082">
      <class name="TestPackage.JarvisInvestTest">
        <test-method is-config="true" signature="Browserlounch()[pri:0, instance:TestPackage.JarvisInvestTest@3d74bf60]" started-at="2022-07-21T08:29:19 IST" name="Browserlounch" finished-at="2022-07-21T08:32:16 IST" duration-ms="177359" status="PASS">
          <reporter-output>
          </reporter-output>
        </test-method> <!-- Browserlounch -->
        <test-method is-config="true" signature="ClickGetstartedButton()[pri:0, instance:TestPackage.JarvisInvestTest@3d74bf60]" started-at="2022-07-21T08:32:16 IST" name="ClickGetstartedButton" finished-at="2022-07-21T08:33:45 IST" duration-ms="88542" status="PASS">
          <reporter-output>
          </reporter-output>
        </test-method> <!-- ClickGetstartedButton -->
        <test-method signature="ClickSignUpButton()[pri:0, instance:TestPackage.JarvisInvestTest@3d74bf60]" started-at="2022-07-21T08:33:45 IST" name="ClickSignUpButton" finished-at="2022-07-21T08:33:47 IST" duration-ms="2442" status="PASS">
          <reporter-output>
          </reporter-output>
        </test-method> <!-- ClickSignUpButton -->
        <test-method is-config="true" signature="browserclose()[pri:0, instance:TestPackage.JarvisInvestTest@3d74bf60]" started-at="2022-07-21T08:33:47 IST" name="browserclose" finished-at="2022-07-21T08:33:48 IST" duration-ms="451" status="PASS">
          <reporter-output>
          </reporter-output>
        </test-method> <!-- browserclose -->
      </class> <!-- TestPackage.JarvisInvestTest -->
      <class name="TestPackage.Testclass">
        <test-method is-config="true" signature="browserlounch()[pri:0, instance:TestPackage.Testclass@27ce24aa]" started-at="2022-07-21T08:33:48 IST" name="browserlounch" finished-at="2022-07-21T08:35:30 IST" duration-ms="101696" status="PASS">
          <reporter-output>
          </reporter-output>
        </test-method> <!-- browserlounch -->
        <test-method is-config="true" signature="clickOnsigninButton()[pri:0, instance:TestPackage.Testclass@27ce24aa]" started-at="2022-07-21T08:35:30 IST" name="clickOnsigninButton" finished-at="2022-07-21T08:38:29 IST" duration-ms="179128" status="PASS">
          <reporter-output>
          </reporter-output>
        </test-method> <!-- clickOnsigninButton -->
        <test-method signature="entermailpass()[pri:0, instance:TestPackage.Testclass@27ce24aa]" started-at="2022-07-21T08:38:29 IST" name="entermailpass" finished-at="2022-07-21T08:38:30 IST" duration-ms="1072" status="PASS">
          <reporter-output>
          </reporter-output>
        </test-method> <!-- entermailpass -->
        <test-method is-config="true" signature="clickonlogin()[pri:0, instance:TestPackage.Testclass@27ce24aa]" started-at="2022-07-21T08:38:30 IST" name="clickonlogin" finished-at="2022-07-21T08:38:30 IST" duration-ms="112" status="PASS">
          <reporter-output>
          </reporter-output>
        </test-method> <!-- clickonlogin -->
        <test-method is-config="true" signature="Browserclose()[pri:0, instance:TestPackage.Testclass@27ce24aa]" started-at="2022-07-21T08:38:30 IST" name="Browserclose" finished-at="2022-07-21T08:38:30 IST" duration-ms="186" status="PASS">
          <reporter-output>
          </reporter-output>
        </test-method> <!-- Browserclose -->
      </class> <!-- TestPackage.Testclass -->
    </test> <!-- Test -->
  </suite> <!-- Suite -->
</testng-results>
